\BOOKMARK [0][-]{chapter*.1}{\376\377\000P\000r\000e\000f\000a\000c\000e}{}% 1
\BOOKMARK [0][-]{chapter.1}{\376\377\000A\000r\000i\000t\000h\000m\000e\000t\000i\000c\000\040\000a\000n\000d\000\040\000A\000l\000g\000e\000b\000r\000a}{}% 2
\BOOKMARK [1][-]{section.1.1}{\376\377\000H\000o\000m\000e\000\040\000B\000a\000s\000e}{chapter.1}% 3
\BOOKMARK [1][-]{section.1.2}{\376\377\000A\000r\000i\000t\000h\000m\000e\000t\000i\000c}{chapter.1}% 4
\BOOKMARK [1][-]{section.1.3}{\376\377\000A\000l\000g\000e\000b\000r\000a}{chapter.1}% 5
\BOOKMARK [0][-]{chapter.2}{\376\377\000N\000u\000m\000b\000e\000r\000s}{}% 6
\BOOKMARK [1][-]{section.2.1}{\376\377\000T\000h\000e\000\040\000I\000n\000t\000e\000g\000e\000r\000s}{chapter.2}% 7
\BOOKMARK [1][-]{section.2.2}{\376\377\000T\000h\000e\000\040\000F\000u\000n\000d\000a\000m\000e\000n\000t\000a\000l\000\040\000T\000h\000e\000o\000r\000e\000m\000\040\000o\000f\000\040\000A\000r\000i\000t\000h\000m\000e\000t\000i\000c}{chapter.2}% 8
\BOOKMARK [1][-]{section.2.3}{\376\377\000T\000h\000e\000\040\000E\000u\000c\000l\000i\000d\000e\000a\000n\000\040\000A\000l\000g\000o\000r\000i\000t\000h\000m}{chapter.2}% 9
\BOOKMARK [1][-]{section.2.4}{\376\377\000R\000a\000t\000i\000o\000n\000a\000l\000\040\000N\000u\000m\000b\000e\000r\000s}{chapter.2}% 10
\BOOKMARK [1][-]{section.2.5}{\376\377\000D\000e\000c\000i\000m\000a\000l\000\040\000R\000e\000p\000r\000e\000s\000e\000n\000t\000a\000t\000i\000o\000n\000s}{chapter.2}% 11
\BOOKMARK [0][-]{chapter.3}{\376\377\000R\000a\000t\000i\000o\000s\000,\000\040\000F\000u\000n\000c\000t\000i\000o\000n\000s\000,\000\040\000a\000n\000d\000\040\000B\000e\000y\000o\000n\000d}{}% 12
\BOOKMARK [1][-]{section.3.1}{\376\377\000R\000a\000t\000i\000o\000s\000\040\000a\000n\000d\000\040\000P\000r\000o\000p\000o\000r\000t\000i\000o\000n\000a\000l\000\040\000R\000e\000l\000a\000t\000i\000o\000n\000s\000h\000i\000p\000s}{chapter.3}% 13
\BOOKMARK [1][-]{section.3.2}{\376\377\000S\000e\000q\000u\000e\000n\000c\000e\000s\000\040\000a\000n\000d\000\040\000F\000u\000n\000c\000t\000i\000o\000n\000s}{chapter.3}% 14
\BOOKMARK [1][-]{section.3.3}{\376\377\000S\000e\000r\000i\000e\000s}{chapter.3}% 15
\BOOKMARK [0][-]{chapter.4}{\376\377\000S\000o\000l\000v\000i\000n\000g\000\040\000E\000q\000u\000a\000t\000i\000o\000n\000s}{}% 16
\BOOKMARK [1][-]{section.4.1}{\376\377\000T\000i\000m\000e\000\040\000t\000o\000\040\000G\000e\000t\000\040\000R\000e\000a\000l}{chapter.4}% 17
\BOOKMARK [1][-]{section.4.2}{\376\377\000P\000o\000l\000y\000n\000o\000m\000i\000a\000l\000\040\000E\000q\000u\000a\000t\000i\000o\000n\000s}{chapter.4}% 18
\BOOKMARK [1][-]{section.4.3}{\376\377\000M\000e\000,\000\040\000M\000y\000s\000e\000l\000f\000,\000\040\000a\000n\000d\000\040\000a\000\040\000C\000o\000m\000p\000l\000e\000x\000\040\000N\000u\000m\000b\000e\000r}{chapter.4}% 19
\BOOKMARK [0][-]{chapter.5}{\376\377\000H\000a\000r\000m\000o\000n\000y\000\040\000o\000f\000\040\000N\000u\000m\000b\000e\000r\000s}{}% 20
\BOOKMARK [1][-]{section.5.1}{\376\377\000C\000l\000o\000c\000k\000s}{chapter.5}% 21
\BOOKMARK [1][-]{section.5.2}{\376\377\000I\000n\000\040\000t\000h\000e\000\040\000R\000e\000a\000l\000\040\000W\000o\000r\000l\000d}{chapter.5}% 22
\BOOKMARK [1][-]{section.5.3}{\376\377\000T\000h\000e\000\040\000B\000i\000n\000o\000m\000i\000a\000l\000\040\000T\000h\000e\000o\000r\000e\000m}{chapter.5}% 23
\BOOKMARK [0][-]{appendix.A}{\376\377\000A\000c\000t\000i\000v\000i\000t\000i\000e\000s}{}% 24
\BOOKMARK [1][-]{section.A.1}{\376\377\000S\000h\000e\000l\000b\000y\000\040\000a\000n\000d\000\040\000S\000c\000o\000t\000t\000y}{appendix.A}% 25
\BOOKMARK [1][-]{section.A.2}{\376\377\000H\000i\000e\000r\000o\000g\000l\000y\000p\000h\000i\000c\000a\000l\000\040\000A\000r\000i\000t\000h\000m\000e\000t\000i\000c}{appendix.A}% 26
\BOOKMARK [1][-]{section.A.3}{\376\377\000P\000l\000a\000y\000i\000n\000g\000\040\000w\000i\000t\000h\000\040\000B\000l\000o\000c\000k\000s}{appendix.A}% 27
\BOOKMARK [1][-]{section.A.4}{\376\377\000M\000o\000r\000e\000\040\000P\000l\000a\000y\000i\000n\000g\000\040\000w\000i\000t\000h\000\040\000B\000l\000o\000c\000k\000s}{appendix.A}% 28
\BOOKMARK [1][-]{section.A.5}{\376\377\000C\000o\000m\000p\000a\000r\000a\000t\000i\000v\000e\000\040\000A\000r\000i\000t\000h\000m\000e\000t\000i\000c}{appendix.A}% 29
\BOOKMARK [1][-]{section.A.6}{\376\377\000I\000n\000t\000e\000g\000e\000r\000\040\000A\000d\000d\000i\000t\000i\000o\000n\000\040\000a\000n\000d\000\040\000S\000u\000b\000t\000r\000a\000c\000t\000i\000o\000n}{appendix.A}% 30
\BOOKMARK [1][-]{section.A.7}{\376\377\000I\000n\000t\000e\000g\000e\000r\000\040\000M\000u\000l\000t\000i\000p\000l\000i\000c\000a\000t\000i\000o\000n}{appendix.A}% 31
\BOOKMARK [1][-]{section.A.8}{\376\377\000W\000h\000a\000t\000\040\000C\000a\000n\000\040\000D\000i\000v\000i\000s\000i\000o\000n\000\040\000M\000e\000a\000n\000?}{appendix.A}% 32
\BOOKMARK [1][-]{section.A.9}{\376\377\000D\000i\000v\000i\000s\000i\000b\000i\000l\000i\000t\000y\000\040\000S\000t\000a\000t\000e\000m\000e\000n\000t\000s}{appendix.A}% 33
\BOOKMARK [1][-]{section.A.10}{\376\377\000H\000a\000l\000l\000\040\000o\000f\000\040\000S\000h\000o\000e\000s}{appendix.A}% 34
\BOOKMARK [1][-]{section.A.11}{\376\377\000S\000i\000e\000v\000i\000n\000g\000\040\000I\000t\000\040\000A\000l\000l\000\040\000O\000u\000t}{appendix.A}% 35
\BOOKMARK [1][-]{section.A.12}{\376\377\000T\000h\000e\000r\000e\000'\000s\000\040\000A\000l\000w\000a\000y\000s\000\040\000A\000n\000o\000t\000h\000e\000r\000\040\000P\000r\000i\000m\000e}{appendix.A}% 36
\BOOKMARK [1][-]{section.A.13}{\376\377\000T\000h\000e\000r\000e\000\040\000A\000r\000e\000\040\000M\000a\000n\000y\000\040\000F\000a\000c\000t\000o\000r\000s\000\040\000t\000o\000\040\000C\000o\000n\000s\000i\000d\000e\000r}{appendix.A}% 37
\BOOKMARK [1][-]{section.A.14}{\376\377\000W\000h\000y\000\040\000D\000o\000e\000s\000\040\000I\000t\000\040\000W\000o\000r\000k\000?}{appendix.A}% 38
\BOOKMARK [1][-]{section.A.15}{\376\377\000P\000r\000o\000m\000e\000\040\000F\000a\000c\000t\000o\000r\000i\000z\000a\000t\000i\000o\000n}{appendix.A}% 39
\BOOKMARK [1][-]{section.A.16}{\376\377\000P\000i\000c\000t\000u\000r\000e\000\040\000M\000o\000d\000e\000l\000s\000\040\000f\000o\000r\000\040\000E\000q\000u\000i\000v\000a\000l\000e\000n\000t\000\040\000F\000r\000a\000c\000t\000i\000o\000n\000s}{appendix.A}% 40
\BOOKMARK [1][-]{section.A.17}{\376\377\000P\000i\000c\000t\000u\000r\000e\000\040\000M\000o\000d\000e\000l\000s\000\040\000f\000o\000r\000\040\000F\000r\000a\000c\000t\000i\000o\000n\000\040\000O\000p\000e\000r\000a\000t\000i\000o\000n\000s}{appendix.A}% 41
\BOOKMARK [1][-]{section.A.18}{\376\377\000F\000r\000a\000c\000t\000i\000o\000n\000\040\000M\000u\000l\000t\000i\000p\000l\000i\000c\000a\000t\000i\000o\000n}{appendix.A}% 42
\BOOKMARK [1][-]{section.A.19}{\376\377\000F\000l\000o\000u\000r\000\040\000P\000o\000w\000e\000r}{appendix.A}% 43
\BOOKMARK [1][-]{section.A.20}{\376\377\000P\000i\000c\000t\000u\000r\000e\000\040\000Y\000o\000u\000r\000s\000e\000l\000f\000\040\000D\000i\000v\000i\000d\000i\000n\000g}{appendix.A}% 44
\BOOKMARK [1][-]{section.A.21}{\376\377\000C\000r\000o\000s\000s\000\040\000S\000o\000m\000e\000t\000h\000i\000n\000g\000-\000i\000n\000g}{appendix.A}% 45
\BOOKMARK [1][-]{section.A.22}{\376\377\000H\000u\000n\000d\000r\000e\000d\000t\000h\000s\000\040\000G\000r\000i\000d\000s\000\040\000f\000o\000r\000\040\000R\000a\000t\000i\000o\000n\000a\000l\000\040\000N\000u\000m\000b\000e\000r\000s}{appendix.A}% 46
\BOOKMARK [1][-]{section.A.23}{\376\377\000S\000h\000a\000m\000p\000o\000o\000,\000\040\000R\000i\000n\000s\000e\000,\000\040\040\046}{appendix.A}% 47
\BOOKMARK [1][-]{section.A.24}{\376\377\000D\000e\000c\000i\000m\000a\000l\000s\000\040\000A\000r\000e\000n\000'\000t\000\040\000S\000o\000\040\000N\000i\000c\000e}{appendix.A}% 48
\BOOKMARK [1][-]{section.A.25}{\376\377\000R\000a\000t\000i\000o\000s\000\040\000a\000n\000d\000\040\000P\000r\000o\000p\000o\000r\000t\000i\000o\000n\000a\000l\000\040\000R\000e\000l\000a\000t\000i\000o\000n\000s\000h\000i\000p\000s}{appendix.A}% 49
\BOOKMARK [1][-]{section.A.26}{\376\377\000P\000o\000o\000r\000\040\000O\000l\000d\000\040\000H\000o\000r\000a\000t\000i\000o}{appendix.A}% 50
\BOOKMARK [1][-]{section.A.27}{\376\377\000R\000a\000t\000i\000o\000\040\000O\000d\000d\000i\000t\000i\000e\000s}{appendix.A}% 51
\BOOKMARK [1][-]{section.A.28}{\376\377\000T\000h\000e\000\040\000T\000r\000i\000a\000t\000h\000l\000e\000t\000e}{appendix.A}% 52
\BOOKMARK [1][-]{section.A.29}{\376\377\000T\000h\000e\000\040\000D\000r\000e\000a\000d\000e\000d\000\040\000S\000t\000o\000r\000y\000\040\000P\000r\000o\000b\000l\000e\000m}{appendix.A}% 53
\BOOKMARK [1][-]{section.A.30}{\376\377\000I\000\040\000W\000a\000l\000k\000\040\000t\000h\000e\000\040\000L\000i\000n\000e}{appendix.A}% 54
\BOOKMARK [1][-]{section.A.31}{\376\377\000C\000o\000n\000s\000t\000a\000n\000t\000\040\000A\000m\000o\000u\000n\000t\000\040\000C\000h\000a\000n\000g\000e\000s}{appendix.A}% 55
\BOOKMARK [1][-]{section.A.32}{\376\377\000C\000o\000n\000s\000t\000a\000n\000t\000\040\000P\000e\000r\000c\000e\000n\000t\000a\000g\000e\000\040\000\050\000R\000a\000t\000i\000o\000\051\000\040\000C\000h\000a\000n\000g\000e\000s}{appendix.A}% 56
\BOOKMARK [1][-]{section.A.33}{\376\377\000M\000e\000a\000n\000i\000n\000g\000s\000\040\000o\000f\000\040\000E\000x\000p\000o\000n\000e\000n\000t\000s}{appendix.A}% 57
\BOOKMARK [1][-]{section.A.34}{\376\377\000A\000r\000i\000t\000h\000m\000e\000t\000i\000c\000\040\000S\000e\000r\000i\000e\000s}{appendix.A}% 58
\BOOKMARK [1][-]{section.A.35}{\376\377\000G\000e\000o\000m\000e\000t\000r\000i\000c\000\040\000S\000e\000r\000i\000e\000s}{appendix.A}% 59
\BOOKMARK [1][-]{section.A.36}{\376\377\000H\000i\000e\000r\000o\000g\000l\000y\000p\000h\000i\000c\000a\000l\000\040\000A\000l\000g\000e\000b\000r\000a}{appendix.A}% 60
\BOOKMARK [1][-]{section.A.37}{\376\377\000T\000h\000e\000\040\000O\000t\000h\000e\000r\000\040\000S\000i\000d\000e\040\024\000S\000o\000l\000v\000i\000n\000g\000\040\000E\000q\000u\000a\000t\000i\000o\000n\000s}{appendix.A}% 61
\BOOKMARK [1][-]{section.A.38}{\376\377\000S\000o\000l\000v\000i\000n\000g\000\040\000Q\000u\000a\000d\000r\000a\000t\000i\000c\000s}{appendix.A}% 62
\BOOKMARK [1][-]{section.A.39}{\376\377\000C\000o\000m\000p\000l\000e\000t\000e\000\040\000S\000q\000u\000a\000r\000e\000s}{appendix.A}% 63
\BOOKMARK [1][-]{section.A.40}{\376\377\000M\000a\000x\000i\000m\000u\000m\000s\000\040\000a\000n\000d\000\040\000M\000i\000n\000i\000m\000u\000m\000s}{appendix.A}% 64
\BOOKMARK [1][-]{section.A.41}{\376\377\000S\000o\000l\000v\000i\000n\000g\000\040\000C\000u\000b\000i\000c\000\040\000E\000q\000u\000a\000t\000i\000o\000n\000s}{appendix.A}% 65
\BOOKMARK [1][-]{section.A.42}{\376\377\000S\000k\000e\000t\000c\000h\000i\000n\000g\000\040\000R\000o\000o\000t\000s}{appendix.A}% 66
\BOOKMARK [1][-]{section.A.43}{\376\377\000G\000e\000o\000m\000e\000t\000r\000y\000\040\000a\000n\000d\000\040\000A\000d\000d\000i\000n\000g\000\040\000C\000o\000m\000p\000l\000e\000x\000\040\000N\000u\000m\000b\000e\000r\000s}{appendix.A}% 67
\BOOKMARK [1][-]{section.A.44}{\376\377\000G\000e\000o\000m\000e\000t\000r\000y\000\040\000a\000n\000d\000\040\000M\000u\000l\000t\000i\000p\000l\000y\000i\000n\000g\000\040\000C\000o\000m\000p\000l\000e\000x\000\040\000N\000u\000m\000b\000e\000r\000s}{appendix.A}% 68
\BOOKMARK [1][-]{section.A.45}{\376\377\000O\000n\000\040\000t\000h\000e\000\040\000R\000o\000a\000d}{appendix.A}% 69
\BOOKMARK [1][-]{section.A.46}{\376\377\000P\000a\000s\000c\000a\000l\000'\000s\000\040\000T\000r\000i\000a\000n\000g\000l\000e\000:\000\040\000F\000a\000c\000t\000\040\000o\000r\000\040\000F\000i\000c\000t\000i\000o\000n\000?}{appendix.A}% 70
\BOOKMARK [1][-]{section.A.47}{\376\377\000Y\000o\000u\000\040\000C\000a\000n\000\040\000C\000o\000u\000n\000t\000\040\000o\000n\000\040\000I\000t\000!}{appendix.A}% 71
\BOOKMARK [1][-]{section.A.48}{\376\377\000W\000h\000i\000c\000h\000\040\000R\000o\000a\000d\000\040\000S\000h\000o\000u\000l\000d\000\040\000W\000e\000\040\000T\000a\000k\000e\000?}{appendix.A}% 72
\BOOKMARK [1][-]{section.A.49}{\376\377\000L\000u\000m\000p\000y\000\040\000a\000n\000d\000\040\000E\000d\000d\000i\000e}{appendix.A}% 73
\BOOKMARK [1][-]{section.A.50}{\376\377\000G\000o\000\040\000C\000l\000i\000m\000b\000\040\000a\000\040\000T\000r\000e\000e\000!}{appendix.A}% 74
\BOOKMARK [1][-]{section.A.51}{\376\377\000T\000h\000e\000y\000'\000l\000l\000\040\000F\000a\000l\000l\000\040\000f\000o\000r\000\040\000A\000n\000y\000t\000h\000i\000n\000g\000!}{appendix.A}% 75
\BOOKMARK [0][-]{appendix.B}{\376\377\000R\000e\000f\000e\000r\000e\000n\000c\000e\000s\000\040\000a\000n\000d\000\040\000F\000u\000r\000t\000h\000e\000r\000\040\000R\000e\000a\000d\000i\000n\000g}{}% 76
